SF:lib/core/providers/firebase_pairing_provider.dart
DA:16,2
DA:18,2
DA:25,0
DA:26,0
DA:30,1
DA:31,3
DA:35,2
DA:36,4
DA:40,3
LF:9
LH:7
end_of_record
SF:lib/main.dart
DA:15,0
DA:16,0
DA:17,0
DA:19,0
DA:20,0
DA:21,0
DA:24,0
DA:26,0
DA:28,0
DA:31,0
DA:34,0
DA:40,0
DA:44,0
DA:49,0
DA:50,0
DA:51,0
DA:52,0
DA:53,0
DA:54,0
DA:62,6
DA:64,2
DA:66,2
DA:68,2
LF:23
LH:4
end_of_record
SF:lib/core/models/messages_model.dart
DA:7,2
DA:26,2
DA:27,2
DA:28,2
DA:29,2
DA:30,4
DA:31,4
DA:32,2
DA:33,8
DA:34,8
DA:35,2
DA:36,2
DA:37,4
DA:38,2
DA:39,2
DA:40,4
DA:41,4
DA:42,2
DA:95,2
DA:97,2
DA:98,2
DA:99,2
DA:100,2
DA:101,2
DA:102,4
DA:103,4
DA:104,2
DA:105,2
DA:106,2
DA:107,2
DA:108,2
DA:109,2
DA:110,2
DA:111,2
LF:34
LH:34
end_of_record
SF:lib/core/models/screen_info_model.dart
DA:4,0
DA:14,0
DA:15,0
DA:16,0
DA:17,0
DA:18,0
DA:20,0
DA:21,0
DA:22,0
DA:46,0
DA:47,0
DA:48,0
DA:49,0
DA:50,0
DA:51,0
DA:52,0
DA:53,0
LF:17
LH:0
end_of_record
SF:lib/core/models/screen_model.dart
DA:5,3
DA:17,3
DA:18,3
DA:19,3
DA:20,3
DA:21,3
DA:22,3
DA:23,3
DA:24,9
DA:25,3
DA:26,6
DA:27,6
DA:61,3
DA:62,3
DA:63,3
DA:64,3
DA:65,3
DA:66,3
DA:67,6
DA:68,3
DA:69,3
DA:70,3
LF:22
LH:22
end_of_record
SF:lib/core/providers/firebase_battery_reporter_provider.dart
DA:16,1
DA:27,0
DA:31,0
DA:74,1
DA:75,1
DA:77,0
DA:78,0
DA:84,0
DA:85,0
DA:87,0
DA:88,0
DA:92,0
DA:93,0
DA:94,0
DA:96,0
DA:97,0
DA:98,0
DA:100,0
DA:101,0
DA:102,0
DA:109,0
DA:110,0
DA:112,0
DA:113,0
DA:114,0
DA:120,0
DA:121,0
DA:125,0
DA:126,0
DA:127,0
DA:131,0
DA:132,0
DA:134,0
DA:135,0
DA:136,0
DA:141,0
DA:142,0
DA:144,0
DA:145,0
DA:151,0
DA:152,0
DA:155,0
DA:157,0
DA:160,0
DA:161,0
DA:162,0
DA:165,0
DA:167,0
DA:168,0
DA:173,0
DA:174,0
DA:176,0
DA:177,0
DA:182,0
DA:183,0
DA:185,0
DA:186,0
DA:187,0
LF:58
LH:3
end_of_record
SF:lib/core/repositories/firebase_battery_reporter_repository.dart
DA:13,0
DA:29,0
DA:30,0
DA:31,0
DA:32,0
DA:37,0
DA:38,0
DA:39,0
DA:40,0
DA:41,0
DA:42,0
DA:43,0
DA:45,0
DA:46,0
DA:51,0
DA:54,0
DA:55,0
DA:56,0
DA:59,0
LF:19
LH:0
end_of_record
SF:lib/core/providers/firebase_connectivity_provider.dart
DA:14,1
DA:25,0
DA:30,0
DA:54,1
DA:55,1
DA:57,0
DA:61,1
DA:63,1
DA:65,0
DA:67,0
LF:10
LH:5
end_of_record
SF:lib/core/repositories/firebase_connectivity_repository.dart
DA:12,0
DA:34,0
DA:36,0
DA:37,0
DA:41,0
DA:42,0
DA:48,0
DA:50,0
DA:51,0
DA:52,0
DA:63,0
DA:67,0
DA:68,0
DA:69,0
DA:70,0
DA:73,0
LF:16
LH:0
end_of_record
SF:lib/core/repositories/firebase_pairing_repository.dart
DA:14,3
DA:26,2
DA:30,0
DA:32,0
DA:33,0
DA:34,0
DA:35,0
DA:36,0
DA:42,2
DA:43,2
DA:44,2
DA:45,2
DA:46,2
DA:47,4
DA:48,4
DA:50,4
DA:51,2
DA:52,2
DA:55,2
DA:57,2
DA:59,2
DA:60,2
DA:62,2
DA:63,8
DA:64,2
DA:68,3
DA:69,3
DA:70,3
DA:71,6
DA:72,3
DA:73,1
DA:74,2
DA:75,0
DA:77,3
DA:78,9
LF:35
LH:28
end_of_record
SF:lib/ui/shared/device_info.dart
DA:7,1
DA:8,3
DA:9,3
DA:10,2
DA:13,1
DA:26,16
LF:6
LH:6
end_of_record
SF:lib/core/providers/firebase_preview_provider.dart
DA:14,1
DA:16,1
DA:22,1
DA:23,2
DA:27,1
DA:28,2
DA:32,1
DA:33,3
LF:8
LH:8
end_of_record
SF:lib/core/repositories/firebase_preview_repository.dart
DA:11,2
DA:17,2
DA:18,2
DA:19,2
DA:20,2
DA:21,2
DA:22,2
DA:23,2
DA:24,2
DA:26,4
DA:27,2
DA:29,0
DA:31,2
DA:32,12
DA:36,2
DA:37,2
DA:38,2
DA:39,2
DA:40,2
DA:41,2
DA:42,2
DA:43,8
DA:44,2
DA:45,0
DA:52,1
DA:55,5
DA:56,1
DA:62,1
DA:64,1
DA:68,0
DA:69,0
DA:74,0
LF:32
LH:27
end_of_record
SF:lib/firebase_options.dart
DA:18,0
DA:23,0
DA:24,0
DA:26,0
DA:28,0
DA:29,0
DA:35,0
LF:7
LH:0
end_of_record
SF:lib/ui/views/starter_view.dart
DA:12,4
DA:16,2
DA:18,2
DA:19,2
DA:20,2
DA:21,2
DA:22,2
DA:23,0
DA:26,4
DA:30,2
DA:31,2
DA:33,1
DA:34,1
DA:35,1
DA:36,1
DA:37,1
DA:42,1
LF:17
LH:16
end_of_record
SF:lib/ui/shared/timer_provider.dart
DA:8,1
DA:9,4
DA:19,1
DA:20,2
DA:24,1
DA:25,1
DA:26,1
DA:31,1
DA:33,1
DA:34,1
LF:10
LH:10
end_of_record
SF:lib/ui/views/main_view.dart
DA:12,2
DA:16,1
DA:18,1
DA:19,1
DA:21,1
DA:22,1
DA:24,1
DA:25,1
DA:28,1
DA:34,1
DA:35,1
DA:36,2
DA:38,1
DA:39,1
LF:14
LH:14
end_of_record
SF:lib/ui/widgets/header.dart
DA:5,4
DA:7,1
DA:9,1
DA:11,1
LF:4
LH:4
end_of_record
SF:lib/ui/widgets/pairing_code_text.dart
DA:11,1
DA:12,1
DA:23,1
DA:24,1
DA:34,1
DA:36,1
DA:38,1
DA:39,5
DA:40,2
DA:43,1
DA:45,1
DA:46,2
DA:49,1
DA:51,1
DA:52,1
DA:58,1
DA:59,2
DA:60,4
DA:61,4
DA:66,1
DA:68,1
DA:72,2
DA:73,4
LF:23
LH:23
end_of_record
SF:lib/ui/views/preview_view.dart
DA:15,2
DA:19,1
DA:20,1
DA:24,1
DA:26,1
DA:28,2
DA:31,3
DA:32,3
DA:33,2
DA:34,1
DA:37,1
DA:39,2
DA:40,1
DA:44,0
DA:46,0
DA:47,0
DA:48,0
DA:49,0
DA:50,0
DA:51,0
DA:55,1
DA:58,1
DA:60,1
DA:61,1
DA:62,1
DA:63,1
DA:64,3
DA:65,1
DA:66,1
DA:67,0
DA:70,2
DA:74,1
DA:77,2
DA:78,1
DA:79,1
DA:80,2
DA:81,2
DA:83,1
DA:97,1
DA:99,1
DA:102,2
DA:106,4
DA:107,4
DA:108,3
DA:109,2
LF:45
LH:37
end_of_record
SF:lib/ui/widgets/positioned_message_item.dart
DA:12,1
DA:13,1
DA:18,1
DA:20,1
DA:21,2
DA:22,2
DA:23,1
DA:24,1
DA:25,1
DA:26,1
DA:27,2
DA:28,2
DA:30,1
DA:31,1
DA:44,1
DA:45,1
DA:50,1
DA:52,2
DA:65,1
DA:66,2
DA:68,2
DA:71,5
DA:73,3
DA:75,5
DA:77,3
DA:80,3
DA:83,1
DA:84,1
DA:86,1
DA:89,1
DA:90,1
DA:92,1
DA:93,3
DA:104,1
DA:105,3
DA:107,3
DA:108,3
DA:110,3
LF:38
LH:38
end_of_record
SF:lib/ui/widgets/qr_code.dart
DA:12,2
DA:17,1
DA:18,1
DA:29,1
DA:31,1
DA:33,2
DA:34,3
DA:35,3
DA:38,1
DA:40,1
DA:43,1
DA:46,1
DA:47,1
DA:48,1
DA:49,3
LF:15
LH:15
end_of_record
SF:lib/ui/widgets/message_item.dart
DA:11,1
DA:16,1
DA:25,1
DA:27,1
DA:28,3
DA:29,1
DA:30,1
DA:31,1
DA:32,1
DA:34,1
DA:35,3
DA:36,1
DA:38,1
DA:39,2
DA:41,3
DA:42,2
DA:43,3
DA:44,3
DA:47,0
DA:48,1
DA:50,1
DA:51,1
DA:52,2
DA:54,3
DA:55,2
DA:56,3
DA:57,3
DA:72,1
DA:78,1
DA:92,1
DA:94,1
DA:95,1
DA:96,1
DA:97,1
DA:98,2
DA:99,1
DA:100,1
DA:102,2
DA:103,2
DA:104,1
DA:115,1
DA:119,1
DA:121,1
DA:122,1
DA:123,1
DA:126,1
DA:127,1
DA:128,1
DA:129,2
DA:130,3
DA:133,5
DA:135,5
DA:136,6
DA:137,1
DA:138,7
DA:139,1
DA:141,1
DA:144,1
DA:145,1
DA:147,3
DA:148,1
DA:149,4
DA:153,2
DA:157,1
DA:158,5
DA:159,1
DA:160,1
DA:161,2
DA:164,1
DA:166,1
DA:169,1
DA:170,1
DA:171,1
DA:172,1
DA:173,6
DA:174,6
DA:175,6
LF:77
LH:76
end_of_record
